<?xml version="1.0" encoding="UTF-8"?>
<!-- Generated by org.testng.reporters.JUnitReportReporter -->
<testsuite skipped="0" hostname="PUNITP288367L" name="NewTest" tests="1" failures="0" timestamp="21 Apr 2020 09:54:14 GMT" time="0.016" errors="0">
  <testcase name="testmethod" time="0.016" classname="NewTest"/>
</testsuite> <!-- NewTest -->
