<?xml version="1.0" encoding="UTF-8"?>
<!-- Generated by org.testng.reporters.JUnitReportReporter -->
<testsuite skipped="0" hostname="PUNITP288367L" name="TestPackage2.NewTest" tests="1" failures="0" timestamp="21 Apr 2020 09:56:49 GMT" time="0.017" errors="0">
  <testcase name="testmethod" time="0.017" classname="TestPackage2.NewTest"/>
</testsuite> <!-- TestPackage2.NewTest -->
